   1               		.file	"simple.c"
   2               	__SREG__ = 0x3f
   3               	__SP_H__ = 0x3e
   4               	__SP_L__ = 0x3d
   5               	__CCP__  = 0x34
   6               	__tmp_reg__ = 0
   7               	__zero_reg__ = 1
  15               	.Ltext0:
  16               	.global	main
  18               	main:
  19               	.LFB2:
  20               	.LM1:
  21 0000 EF92      		push r14
  22 0002 FF92      		push r15
  23 0004 1F93      		push r17
  24 0006 DF93      		push r29
  25 0008 CF93      		push r28
  26 000a CDB7      		in r28,__SP_L__
  27 000c DEB7      		in r29,__SP_H__
  28 000e 2C97      		sbiw r28,12
  29 0010 0FB6      		in __tmp_reg__,__SREG__
  30 0012 F894      		cli
  31 0014 DEBF      		out __SP_H__,r29
  32 0016 0FBE      		out __SREG__,__tmp_reg__
  33 0018 CDBF      		out __SP_L__,r28
  34               	/* prologue: function */
  35               	/* frame size = 12 */
  36               	.LM2:
  37 001a 7E01      		movw r14,r28
  38 001c 0894      		sec
  39 001e E11C      		adc r14,__zero_reg__
  40 0020 F11C      		adc r15,__zero_reg__
  41 0022 D701      		movw r26,r14
  42 0024 E0E0      		ldi r30,lo8(C.0.1244)
  43 0026 F0E0      		ldi r31,hi8(C.0.1244)
  44 0028 8CE0      		ldi r24,lo8(12)
  45               	.L2:
  46 002a 0190      		ld r0,Z+
  47 002c 0D92      		st X+,r0
  48 002e 8150      		subi r24,lo8(-(-1))
  49 0030 01F4      		brne .L2
  50               	.LM3:
  51 0032 0E94 0000 		call lcd_init
  52               	.LM4:
  53 0036 80E0      		ldi r24,lo8(-24576)
  54 0038 90EA      		ldi r25,hi8(-24576)
  55 003a 9093 0000 		sts (backcolor)+1,r25
  56 003e 8093 0000 		sts backcolor,r24
  57               	.LM5:
  58 0042 8FEF      		ldi r24,lo8(-1)
  59 0044 9FEF      		ldi r25,hi8(-1)
  60 0046 9093 0000 		sts (textcolor)+1,r25
  61 004a 8093 0000 		sts textcolor,r24
  62               	.LM6:
  63 004e 80E0      		ldi r24,lo8(-24576)
  64 0050 90EA      		ldi r25,hi8(-24576)
  65 0052 0E94 0000 		call fill_screen
  66               	.LM7:
  67 0056 4981      		ldd r20,Y+1
  68 0058 4423      		tst r20
  69 005a 01F0      		breq .L3
  70 005c 10E0      		ldi r17,lo8(0)
  71               	.LVL0:
  72 005e 80E0      		ldi r24,lo8(0)
  73 0060 90E0      		ldi r25,hi8(0)
  74               	.L4:
  75               	.LM8:
  76 0062 880F      		lsl r24
  77 0064 991F      		rol r25
  78 0066 880F      		lsl r24
  79 0068 991F      		rol r25
  80 006a 880F      		lsl r24
  81 006c 991F      		rol r25
  82 006e 835D      		subi r24,lo8(-(45))
  83 0070 6CE3      		ldi r22,lo8(60)
  84 0072 20E0      		ldi r18,lo8(0)
  85 0074 0E94 0000 		call put_char
  86               	.LM9:
  87 0078 1F5F      		subi r17,lo8(-(1))
  88               	.LM10:
  89 007a 812F      		mov r24,r17
  90 007c 90E0      		ldi r25,lo8(0)
  91 007e F701      		movw r30,r14
  92 0080 E80F      		add r30,r24
  93 0082 F91F      		adc r31,r25
  94 0084 4081      		ld r20,Z
  95 0086 4423      		tst r20
  96 0088 01F4      		brne .L4
  97               	.L3:
  98               	.L8:
  99 008a 00C0      		rjmp .L8
 100               	.LFE2:
 102               		.data
 105               	C.0.1244:
 106 0000 48        		.byte	72
 107 0001 65        		.byte	101
 108 0002 6C        		.byte	108
 109 0003 6C        		.byte	108
 110 0004 6F        		.byte	111
 111 0005 20        		.byte	32
 112 0006 57        		.byte	87
 113 0007 6F        		.byte	111
 114 0008 72        		.byte	114
 115 0009 6C        		.byte	108
 116 000a 64        		.byte	100
 117 000b 00        		.byte	0
 142               	.Letext0:
DEFINED SYMBOLS
                            *ABS*:00000000 simple.c
C:\WINDOWS\Temp/ccjUoD6X.s:2      *ABS*:0000003f __SREG__
C:\WINDOWS\Temp/ccjUoD6X.s:3      *ABS*:0000003e __SP_H__
C:\WINDOWS\Temp/ccjUoD6X.s:4      *ABS*:0000003d __SP_L__
C:\WINDOWS\Temp/ccjUoD6X.s:5      *ABS*:00000034 __CCP__
C:\WINDOWS\Temp/ccjUoD6X.s:6      *ABS*:00000000 __tmp_reg__
C:\WINDOWS\Temp/ccjUoD6X.s:7      *ABS*:00000001 __zero_reg__
C:\WINDOWS\Temp/ccjUoD6X.s:18     .text:00000000 main
C:\WINDOWS\Temp/ccjUoD6X.s:105    .data:00000000 C.0.1244

UNDEFINED SYMBOLS
lcd_init
backcolor
textcolor
fill_screen
put_char
__do_copy_data
